<?xml version="1.0" encoding="UTF-8"?>
<testsuite name="com.example.helloservice.HelloServiceApplicationTests" tests="1" skipped="0" failures="0" errors="0" timestamp="2021-04-30T06:39:24" hostname="NhutHuynhs-iPro" time="0.275">
  <properties/>
  <testcase name="contextLoads()" classname="com.example.helloservice.HelloServiceApplicationTests" time="0.275"/>
  <system-out><![CDATA[13:39:18.281 [Test worker] DEBUG org.springframework.test.context.BootstrapUtils - Instantiating CacheAwareContextLoaderDelegate from class [org.springframework.test.context.cache.DefaultCacheAwareContextLoaderDelegate]
13:39:18.298 [Test worker] DEBUG org.springframework.test.context.BootstrapUtils - Instantiating BootstrapContext using constructor [public org.springframework.test.context.support.DefaultBootstrapContext(java.lang.Class,org.springframework.test.context.CacheAwareContextLoaderDelegate)]
13:39:18.355 [Test worker] DEBUG org.springframework.test.context.BootstrapUtils - Instantiating TestContextBootstrapper for test class [com.example.helloservice.HelloServiceApplicationTests] from class [org.springframework.boot.test.context.SpringBootTestContextBootstrapper]
13:39:18.371 [Test worker] INFO org.springframework.boot.test.context.SpringBootTestContextBootstrapper - Neither @ContextConfiguration nor @ContextHierarchy found for test class [com.example.helloservice.HelloServiceApplicationTests], using SpringBootContextLoader
13:39:18.378 [Test worker] DEBUG org.springframework.test.context.support.AbstractContextLoader - Did not detect default resource location for test class [com.example.helloservice.HelloServiceApplicationTests]: class path resource [com/example/helloservice/HelloServiceApplicationTests-context.xml] does not exist
13:39:18.379 [Test worker] DEBUG org.springframework.test.context.support.AbstractContextLoader - Did not detect default resource location for test class [com.example.helloservice.HelloServiceApplicationTests]: class path resource [com/example/helloservice/HelloServiceApplicationTestsContext.groovy] does not exist
13:39:18.380 [Test worker] INFO org.springframework.test.context.support.AbstractContextLoader - Could not detect default resource locations for test class [com.example.helloservice.HelloServiceApplicationTests]: no resource found for suffixes {-context.xml, Context.groovy}.
13:39:18.381 [Test worker] INFO org.springframework.test.context.support.AnnotationConfigContextLoaderUtils - Could not detect default configuration classes for test class [com.example.helloservice.HelloServiceApplicationTests]: HelloServiceApplicationTests does not declare any static, non-private, non-final, nested classes annotated with @Configuration.
13:39:18.453 [Test worker] DEBUG org.springframework.test.context.support.ActiveProfilesUtils - Could not find an 'annotation declaring class' for annotation type [org.springframework.test.context.ActiveProfiles] and class [com.example.helloservice.HelloServiceApplicationTests]
13:39:18.535 [Test worker] DEBUG org.springframework.context.annotation.ClassPathScanningCandidateComponentProvider - Identified candidate component class: file [/Users/nhuthuynh/workspace/microservices/hello-service/build/classes/kotlin/main/com/example/helloservice/HelloServiceApplication.class]
13:39:18.550 [Test worker] INFO org.springframework.boot.test.context.SpringBootTestContextBootstrapper - Found @SpringBootConfiguration com.example.helloservice.HelloServiceApplication for test class com.example.helloservice.HelloServiceApplicationTests
13:39:18.677 [Test worker] DEBUG org.springframework.boot.test.context.SpringBootTestContextBootstrapper - @TestExecutionListeners is not present for class [com.example.helloservice.HelloServiceApplicationTests]: using defaults.
13:39:18.678 [Test worker] INFO org.springframework.boot.test.context.SpringBootTestContextBootstrapper - Loaded default TestExecutionListener class names from location [META-INF/spring.factories]: [org.springframework.boot.test.autoconfigure.restdocs.RestDocsTestExecutionListener, org.springframework.boot.test.autoconfigure.web.client.MockRestServiceServerResetTestExecutionListener, org.springframework.boot.test.autoconfigure.web.servlet.MockMvcPrintOnlyOnFailureTestExecutionListener, org.springframework.boot.test.autoconfigure.web.servlet.WebDriverTestExecutionListener, org.springframework.boot.test.autoconfigure.webservices.client.MockWebServiceServerTestExecutionListener, org.springframework.boot.test.mock.mockito.MockitoTestExecutionListener, org.springframework.boot.test.mock.mockito.ResetMocksTestExecutionListener, org.springframework.test.context.web.ServletTestExecutionListener, org.springframework.test.context.support.DirtiesContextBeforeModesTestExecutionListener, org.springframework.test.context.event.ApplicationEventsTestExecutionListener, org.springframework.test.context.support.DependencyInjectionTestExecutionListener, org.springframework.test.context.support.DirtiesContextTestExecutionListener, org.springframework.test.context.transaction.TransactionalTestExecutionListener, org.springframework.test.context.jdbc.SqlScriptsTestExecutionListener, org.springframework.test.context.event.EventPublishingTestExecutionListener]
13:39:18.702 [Test worker] INFO org.springframework.boot.test.context.SpringBootTestContextBootstrapper - Using TestExecutionListeners: [org.springframework.test.context.web.ServletTestExecutionListener@60bcdbc8, org.springframework.test.context.support.DirtiesContextBeforeModesTestExecutionListener@4fc7920b, org.springframework.test.context.event.ApplicationEventsTestExecutionListener@2e576525, org.springframework.boot.test.mock.mockito.MockitoTestExecutionListener@74d9e668, org.springframework.boot.test.autoconfigure.SpringBootDependencyInjectionTestExecutionListener@723d11a0, org.springframework.test.context.support.DirtiesContextTestExecutionListener@1199226, org.springframework.test.context.transaction.TransactionalTestExecutionListener@14f2b16d, org.springframework.test.context.jdbc.SqlScriptsTestExecutionListener@2fa3ff3d, org.springframework.test.context.event.EventPublishingTestExecutionListener@35094b78, org.springframework.boot.test.autoconfigure.restdocs.RestDocsTestExecutionListener@78cc775d, org.springframework.boot.test.autoconfigure.web.client.MockRestServiceServerResetTestExecutionListener@7934c8f0, org.springframework.boot.test.autoconfigure.web.servlet.MockMvcPrintOnlyOnFailureTestExecutionListener@49de8afc, org.springframework.boot.test.autoconfigure.web.servlet.WebDriverTestExecutionListener@36734a34, org.springframework.boot.test.autoconfigure.webservices.client.MockWebServiceServerTestExecutionListener@2d9ea538, org.springframework.boot.test.mock.mockito.ResetMocksTestExecutionListener@72328b33]
13:39:18.707 [Test worker] DEBUG org.springframework.test.context.support.AbstractDirtiesContextTestExecutionListener - Before test class: context [DefaultTestContext@ee26d90 testClass = HelloServiceApplicationTests, testInstance = [null], testMethod = [null], testException = [null], mergedContextConfiguration = [WebMergedContextConfiguration@38d8e354 testClass = HelloServiceApplicationTests, locations = '{}', classes = '{class com.example.helloservice.HelloServiceApplication}', contextInitializerClasses = '[]', activeProfiles = '{}', propertySourceLocations = '{}', propertySourceProperties = '{org.springframework.boot.test.context.SpringBootTestContextBootstrapper=true}', contextCustomizers = set[org.springframework.boot.test.autoconfigure.actuate.metrics.MetricsExportContextCustomizerFactory$DisableMetricExportContextCustomizer@7e20d1be, org.springframework.boot.test.autoconfigure.properties.PropertyMappingContextCustomizer@0, org.springframework.boot.test.autoconfigure.web.servlet.WebDriverContextCustomizerFactory$Customizer@638e1e3f, org.springframework.boot.test.context.filter.ExcludeFilterContextCustomizer@14500575, org.springframework.boot.test.json.DuplicateJsonObjectContextCustomizerFactory$DuplicateJsonObjectContextCustomizer@1b9e0f22, org.springframework.boot.test.mock.mockito.MockitoContextCustomizer@0, org.springframework.boot.test.web.client.TestRestTemplateContextCustomizer@33d8b628, org.springframework.boot.test.context.SpringBootTestArgs@1, org.springframework.boot.test.context.SpringBootTestWebEnvironment@2c50a803], resourceBasePath = 'src/main/webapp', contextLoader = 'org.springframework.boot.test.context.SpringBootContextLoader', parent = [null]], attributes = map['org.springframework.test.context.web.ServletTestExecutionListener.activateListener' -> true]], class annotated with @DirtiesContext [false] with mode [null].
13:39:18.762 [Test worker] DEBUG org.springframework.test.context.support.TestPropertySourceUtils - Adding inlined properties to environment: {spring.jmx.enabled=false, org.springframework.boot.test.context.SpringBootTestContextBootstrapper=true}

  .   ____          _            __ _ _
 /\\ / ___'_ __ _ _(_)_ __  __ _ \ \ \ \
( ( )\___ | '_ | '_| | '_ \/ _` | \ \ \ \
 \\/  ___)| |_)| | | | | || (_| |  ) ) ) )
  '  |____| .__|_| |_|_| |_\__, | / / / /
 =========|_|==============|___/=/_/_/_/
 :: Spring Boot ::                (v2.4.5)

2021-04-30 13:39:19.172  INFO 2027 --- [    Test worker] c.e.h.HelloServiceApplicationTests       : Starting HelloServiceApplicationTests using Java 11.0.11 on NhutHuynhs-iPro with PID 2027 (started by nhuthuynh in /Users/nhuthuynh/workspace/microservices/hello-service)
2021-04-30 13:39:19.174  INFO 2027 --- [    Test worker] c.e.h.HelloServiceApplicationTests       : No active profile set, falling back to default profiles: default
2021-04-30 13:39:20.242  INFO 2027 --- [    Test worker] .s.d.r.c.RepositoryConfigurationDelegate : Bootstrapping Spring Data JPA repositories in DEFAULT mode.
2021-04-30 13:39:20.312  INFO 2027 --- [    Test worker] .s.d.r.c.RepositoryConfigurationDelegate : Finished Spring Data repository scanning in 59 ms. Found 1 JPA repository interfaces.
2021-04-30 13:39:21.146  INFO 2027 --- [    Test worker] o.f.c.internal.license.VersionPrinter    : Flyway Community Edition 7.1.1 by Redgate
2021-04-30 13:39:21.292  INFO 2027 --- [    Test worker] o.f.c.i.database.base.DatabaseType       : Database: jdbc:postgresql://localhost:5432/hello_service (PostgreSQL 13.2)
2021-04-30 13:39:21.384  INFO 2027 --- [    Test worker] o.f.core.internal.command.DbValidate     : Successfully validated 2 migrations (execution time 00:00.043s)
2021-04-30 13:39:21.407  INFO 2027 --- [    Test worker] o.f.core.internal.command.DbMigrate      : Current version of schema "hello_service": 1.0
2021-04-30 13:39:21.409  INFO 2027 --- [    Test worker] o.f.core.internal.command.DbMigrate      : Schema "hello_service" is up to date. No migration necessary.
2021-04-30 13:39:21.619  INFO 2027 --- [    Test worker] o.hibernate.jpa.internal.util.LogHelper  : HHH000204: Processing PersistenceUnitInfo [name: default]
2021-04-30 13:39:21.696  INFO 2027 --- [    Test worker] org.hibernate.Version                    : HHH000412: Hibernate ORM core version 5.4.30.Final
2021-04-30 13:39:21.928  INFO 2027 --- [    Test worker] o.hibernate.annotations.common.Version   : HCANN000001: Hibernate Commons Annotations {5.1.2.Final}
2021-04-30 13:39:22.048  INFO 2027 --- [    Test worker] com.zaxxer.hikari.HikariDataSource       : HikariPool-1 - Starting...
2021-04-30 13:39:22.077  INFO 2027 --- [    Test worker] com.zaxxer.hikari.HikariDataSource       : HikariPool-1 - Start completed.
2021-04-30 13:39:22.107  INFO 2027 --- [    Test worker] org.hibernate.dialect.Dialect            : HHH000400: Using dialect: org.hibernate.dialect.PostgreSQL10Dialect
2021-04-30 13:39:22.582  INFO 2027 --- [    Test worker] o.h.e.t.j.p.i.JtaPlatformInitiator       : HHH000490: Using JtaPlatform implementation: [org.hibernate.engine.transaction.jta.platform.internal.NoJtaPlatform]
2021-04-30 13:39:22.591  INFO 2027 --- [    Test worker] j.LocalContainerEntityManagerFactoryBean : Initialized JPA EntityManagerFactory for persistence unit 'default'
2021-04-30 13:39:23.704  INFO 2027 --- [    Test worker] o.s.s.concurrent.ThreadPoolTaskExecutor  : Initializing ExecutorService 'applicationTaskExecutor'
2021-04-30 13:39:24.026  INFO 2027 --- [    Test worker] c.e.h.HelloServiceApplicationTests       : Started HelloServiceApplicationTests in 5.254 seconds (JVM running for 6.651)
]]></system-out>
  <system-err><![CDATA[]]></system-err>
</testsuite>
